[2022-09-05T09:12:39.295] [DEBUG] cheese - login => username:admin,password:111111
[2022-09-05T09:12:39.301] [DEBUG] cheese - admin
[2022-09-05T09:12:39.325] [DEBUG] cheese - null
[2022-09-05T09:12:39.327] [DEBUG] cheese - null
[2022-09-05T09:13:09.433] [DEBUG] cheese - login => username:admin,password:123456
[2022-09-05T09:13:09.433] [DEBUG] cheese - admin
[2022-09-05T09:13:09.439] [DEBUG] cheese - null
[2022-09-05T09:13:09.439] [DEBUG] cheese - null
[2022-09-05T11:39:44.663] [DEBUG] cheese - login => username:admin,password:123456
[2022-09-05T11:39:44.666] [DEBUG] cheese - admin
[2022-09-05T11:39:44.682] [DEBUG] cheese - null
[2022-09-05T11:39:44.683] [DEBUG] cheese - null
[2022-09-05T11:41:58.093] [DEBUG] cheese - login => username:admin,password:123456
[2022-09-05T11:41:58.094] [DEBUG] cheese - admin
[2022-09-05T11:41:58.102] [DEBUG] cheese - null
[2022-09-05T11:41:58.102] [DEBUG] cheese - null
[2022-09-05T11:42:04.708] [DEBUG] cheese - login => username:adminok,password:123456
[2022-09-05T11:42:04.709] [DEBUG] cheese - adminok
[2022-09-05T11:42:04.712] [DEBUG] cheese - null
[2022-09-05T11:42:04.712] [DEBUG] cheese - null
[2022-09-05T11:45:24.217] [DEBUG] cheese - login => username:adminok,password:123456
[2022-09-05T11:45:24.217] [DEBUG] cheese - adminok
[2022-09-05T11:45:24.222] [DEBUG] cheese - null
[2022-09-05T11:45:24.222] [DEBUG] cheese - null
[2022-09-05T11:45:37.979] [DEBUG] cheese - login => username:admin,password:123456
[2022-09-05T11:45:37.979] [DEBUG] cheese - admin
[2022-09-05T11:45:37.982] [DEBUG] cheese - null
[2022-09-05T11:45:37.982] [DEBUG] cheese - null
[2022-09-05T12:01:24.128] [DEBUG] cheese - login => username:admin,password:123456
[2022-09-05T12:01:24.128] [DEBUG] cheese - admin
[2022-09-05T12:01:24.133] [DEBUG] cheese - null
[2022-09-05T12:01:24.133] [DEBUG] cheese - null
[2022-09-05T13:59:42.120] [DEBUG] cheese - login => username:adminok,password:123456
[2022-09-05T13:59:42.121] [DEBUG] cheese - adminok
[2022-09-05T13:59:42.132] [DEBUG] cheese - null
[2022-09-05T13:59:42.132] [DEBUG] cheese - null
[2022-09-05T14:00:05.182] [DEBUG] cheese - login => username:admin,password:123456
[2022-09-05T14:00:05.183] [DEBUG] cheese - admin
[2022-09-05T14:00:05.187] [DEBUG] cheese - null
[2022-09-05T14:00:05.187] [DEBUG] cheese - null
[2022-09-05T14:02:32.833] [DEBUG] cheese - login => username:adminok,password:123456
[2022-09-05T14:02:32.834] [DEBUG] cheese - adminok
[2022-09-05T14:02:32.842] [DEBUG] cheese - null
[2022-09-05T14:02:32.842] [DEBUG] cheese - null
[2022-09-05T14:02:52.798] [DEBUG] cheese - login => username:admin,password:1111111
[2022-09-05T14:02:52.798] [DEBUG] cheese - admin
[2022-09-05T14:02:52.805] [DEBUG] cheese - null
[2022-09-05T14:02:52.805] [DEBUG] cheese - null
[2022-09-05T14:03:04.965] [DEBUG] cheese - login => username:admin,password:123456
[2022-09-05T14:03:04.965] [DEBUG] cheese - admin
[2022-09-05T14:03:04.970] [DEBUG] cheese - null
[2022-09-05T14:03:04.970] [DEBUG] cheese - null
[2022-09-05T14:17:10.158] [DEBUG] cheese - login => username:admin,password:123456
[2022-09-05T14:17:10.159] [DEBUG] cheese - admin
[2022-09-05T14:17:10.165] [DEBUG] cheese - null
[2022-09-05T14:17:10.165] [DEBUG] cheese - null
[2022-09-05T14:17:57.726] [DEBUG] cheese - login => username:admin,password:123456
[2022-09-05T14:17:57.726] [DEBUG] cheese - admin
[2022-09-05T14:17:57.731] [DEBUG] cheese - null
[2022-09-05T14:17:57.731] [DEBUG] cheese - null
[2022-09-05T14:36:39.162] [DEBUG] cheese - login => username:admin,password:123456
[2022-09-05T14:36:39.163] [DEBUG] cheese - admin
[2022-09-05T14:36:39.166] [DEBUG] cheese - null
[2022-09-05T14:36:39.167] [DEBUG] cheese - null
[2022-09-05T16:36:10.862] [DEBUG] cheese - login => username:admin,password:123456
[2022-09-05T16:36:10.864] [DEBUG] cheese - admin
[2022-09-05T16:36:10.890] [DEBUG] cheese - null
[2022-09-05T16:36:10.890] [DEBUG] cheese - null
[2022-09-05T16:38:17.135] [DEBUG] cheese - login => username:admin1,password:123456
[2022-09-05T16:38:17.135] [DEBUG] cheese - admin1
[2022-09-05T16:38:17.141] [DEBUG] cheese - null
[2022-09-05T16:38:17.142] [DEBUG] cheese - null
[2022-09-05T16:38:24.638] [DEBUG] cheese - login => username:admin,password:1234561
[2022-09-05T16:38:24.638] [DEBUG] cheese - admin
[2022-09-05T16:38:24.642] [DEBUG] cheese - null
[2022-09-05T16:38:24.642] [DEBUG] cheese - null
[2022-09-05T16:38:28.867] [DEBUG] cheese - login => username:admin,password:123456
[2022-09-05T16:38:28.867] [DEBUG] cheese - admin
[2022-09-05T16:38:28.870] [DEBUG] cheese - null
[2022-09-05T16:38:28.870] [DEBUG] cheese - null
[2022-09-05T16:41:47.820] [DEBUG] cheese - login => username:admin,password:123456
[2022-09-05T16:41:47.820] [DEBUG] cheese - admin
[2022-09-05T16:41:47.823] [DEBUG] cheese - null
[2022-09-05T16:41:47.824] [DEBUG] cheese - null
[2022-09-05T16:49:48.977] [DEBUG] cheese - login => username:admin,password:123456
[2022-09-05T16:49:48.977] [DEBUG] cheese - admin
[2022-09-05T16:49:48.982] [DEBUG] cheese - null
[2022-09-05T16:49:48.982] [DEBUG] cheese - null
[2022-09-05T16:49:53.967] [DEBUG] cheese - login => username:admin12,password:12345611
[2022-09-05T16:49:53.967] [DEBUG] cheese - admin12
[2022-09-05T16:49:53.969] [DEBUG] cheese - null
[2022-09-05T16:49:53.969] [DEBUG] cheese - null
[2022-09-05T16:52:23.663] [DEBUG] cheese - login => username:admin,password:123456
[2022-09-05T16:52:23.664] [DEBUG] cheese - admin
[2022-09-05T16:52:23.666] [DEBUG] cheese - null
[2022-09-05T16:52:23.666] [DEBUG] cheese - null
[2022-09-06T08:40:39.266] [DEBUG] cheese - login => username:admin,password:123456
[2022-09-06T08:40:39.270] [DEBUG] cheese - admin
[2022-09-06T08:40:39.320] [DEBUG] cheese - null
[2022-09-06T08:40:39.321] [DEBUG] cheese - null
[2022-09-06T10:01:22.824] [DEBUG] cheese - login => username:admin,password:123456
[2022-09-06T10:01:22.826] [DEBUG] cheese - admin
[2022-09-06T10:01:22.840] [DEBUG] cheese - null
[2022-09-06T10:01:22.840] [DEBUG] cheese - null
[2022-09-06T10:06:53.650] [DEBUG] cheese - login => username:admin,password:123456
[2022-09-06T10:06:53.651] [DEBUG] cheese - admin
[2022-09-06T10:06:53.657] [DEBUG] cheese - null
[2022-09-06T10:06:53.657] [DEBUG] cheese - null
[2022-09-06T10:08:37.422] [DEBUG] cheese - login => username:admin,password:123456
[2022-09-06T10:08:37.422] [DEBUG] cheese - admin
[2022-09-06T10:08:37.430] [DEBUG] cheese - null
[2022-09-06T10:08:37.430] [DEBUG] cheese - null
[2022-09-06T10:16:08.222] [DEBUG] cheese - login => username:admin,password:123456
[2022-09-06T10:16:08.222] [DEBUG] cheese - admin
[2022-09-06T10:16:08.229] [DEBUG] cheese - null
[2022-09-06T10:16:08.229] [DEBUG] cheese - null
[2022-09-06T10:42:25.508] [DEBUG] cheese - login => username:admin,password:123456
[2022-09-06T10:42:25.509] [DEBUG] cheese - admin
[2022-09-06T10:42:25.511] [DEBUG] cheese - null
[2022-09-06T10:42:25.511] [DEBUG] cheese - null
[2022-09-06T10:44:37.109] [DEBUG] cheese - login => username:admin,password:123456
[2022-09-06T10:44:37.109] [DEBUG] cheese - admin
[2022-09-06T10:44:37.113] [DEBUG] cheese - null
[2022-09-06T10:44:37.114] [DEBUG] cheese - null
[2022-09-06T10:46:22.524] [DEBUG] cheese - login => username:admin,password:123456
[2022-09-06T10:46:22.525] [DEBUG] cheese - admin
[2022-09-06T10:46:22.527] [DEBUG] cheese - null
[2022-09-06T10:46:22.527] [DEBUG] cheese - null
[2022-09-06T10:49:43.308] [DEBUG] cheese - login => username:admin,password:123456
[2022-09-06T10:49:43.308] [DEBUG] cheese - admin
[2022-09-06T10:49:43.311] [DEBUG] cheese - null
[2022-09-06T10:49:43.311] [DEBUG] cheese - null
[2022-09-06T14:01:56.734] [DEBUG] cheese - login => username:admin,password:123456
[2022-09-06T14:01:56.736] [DEBUG] cheese - admin
[2022-09-06T14:01:56.768] [DEBUG] cheese - null
[2022-09-06T14:01:56.768] [DEBUG] cheese - null
[2022-09-07T08:38:44.152] [DEBUG] cheese - login => username:admin,password:123456
[2022-09-07T08:38:44.154] [DEBUG] cheese - admin
[2022-09-07T08:38:44.182] [DEBUG] cheese - null
[2022-09-07T08:38:44.183] [DEBUG] cheese - null
[2022-09-08T08:25:40.773] [DEBUG] cheese - login => username:admin,password:123456
[2022-09-08T08:25:40.775] [DEBUG] cheese - admin
[2022-09-08T08:25:40.793] [DEBUG] cheese - null
[2022-09-08T08:25:40.793] [DEBUG] cheese - null
[2022-09-08T09:48:37.028] [DEBUG] cheese - login => username:admin,password:123456
[2022-09-08T09:48:37.030] [DEBUG] cheese - admin
[2022-09-08T09:48:37.035] [DEBUG] cheese - null
[2022-09-08T09:48:37.035] [DEBUG] cheese - null
[2022-09-08T10:44:29.034] [DEBUG] cheese - login => username:admin,password:123456
[2022-09-08T10:44:29.035] [DEBUG] cheese - admin
[2022-09-08T10:44:29.045] [DEBUG] cheese - null
[2022-09-08T10:44:29.046] [DEBUG] cheese - null
[2022-09-08T10:48:34.015] [DEBUG] cheese - null
[2022-09-08T10:48:48.056] [DEBUG] cheese - null
[2022-09-08T10:49:07.872] [DEBUG] cheese - null
[2022-09-08T10:49:34.425] [DEBUG] cheese - null
[2022-09-08T10:49:43.805] [DEBUG] cheese - null
[2022-09-08T13:57:12.899] [DEBUG] cheese - login => username:admin,password:123456
[2022-09-08T13:57:12.903] [DEBUG] cheese - admin
[2022-09-08T13:57:12.932] [DEBUG] cheese - null
[2022-09-08T13:57:12.933] [DEBUG] cheese - null
[2022-09-08T13:57:43.111] [DEBUG] cheese - null
[2022-09-08T13:57:46.411] [DEBUG] cheese - null
[2022-09-09T08:27:59.048] [DEBUG] cheese - login => username:admin,password:123456
[2022-09-09T08:27:59.052] [DEBUG] cheese - admin
[2022-09-09T08:27:59.122] [DEBUG] cheese - null
[2022-09-09T08:27:59.123] [DEBUG] cheese - null
[2022-09-09T08:28:22.848] [DEBUG] cheese - null
[2022-09-12T08:28:26.851] [DEBUG] cheese - login => username:admin,password:123456
[2022-09-12T08:28:26.854] [DEBUG] cheese - admin
[2022-09-12T08:28:26.892] [DEBUG] cheese - null
[2022-09-12T08:28:26.892] [DEBUG] cheese - null
[2022-09-13T08:36:09.477] [DEBUG] cheese - login => username:admin,password:123456
[2022-09-13T08:36:09.480] [DEBUG] cheese - admin
[2022-09-13T08:36:09.559] [DEBUG] cheese - null
[2022-09-13T08:36:09.560] [DEBUG] cheese - null
[2022-09-13T14:03:12.097] [DEBUG] cheese - login => username:admin,password:admin
[2022-09-13T14:03:12.100] [DEBUG] cheese - admin
[2022-09-13T14:03:12.149] [DEBUG] cheese - null
[2022-09-13T14:03:12.150] [DEBUG] cheese - null
[2022-09-13T14:03:29.326] [DEBUG] cheese - login => username:admin,password:666666
[2022-09-13T14:03:29.326] [DEBUG] cheese - admin
[2022-09-13T14:03:29.336] [DEBUG] cheese - null
[2022-09-13T14:03:29.337] [DEBUG] cheese - null
[2022-09-13T14:03:38.090] [DEBUG] cheese - login => username:admin,password:666666
[2022-09-13T14:03:38.091] [DEBUG] cheese - admin
[2022-09-13T14:03:38.109] [DEBUG] cheese - null
[2022-09-13T14:03:38.109] [DEBUG] cheese - null
[2022-09-13T14:04:10.420] [DEBUG] cheese - login => username:admin,password:666666
[2022-09-13T14:04:10.421] [DEBUG] cheese - admin
[2022-09-13T14:04:10.426] [DEBUG] cheese - null
[2022-09-13T14:04:10.426] [DEBUG] cheese - null
[2022-09-19T09:58:31.566] [DEBUG] cheese - login => username:admin,password:admin
[2022-09-19T09:58:31.568] [DEBUG] cheese - admin
[2022-09-19T09:58:31.632] [DEBUG] cheese - null
[2022-09-19T09:58:31.633] [DEBUG] cheese - null
[2022-09-19T09:58:38.294] [DEBUG] cheese - login => username:admin,password:admin
[2022-09-19T09:58:38.295] [DEBUG] cheese - admin
[2022-09-19T09:58:38.303] [DEBUG] cheese - null
[2022-09-19T09:58:38.303] [DEBUG] cheese - null
[2022-09-19T09:58:53.995] [DEBUG] cheese - login => username:admin,password:1111111111111111
[2022-09-19T09:58:53.996] [DEBUG] cheese - admin
[2022-09-19T09:58:54.001] [DEBUG] cheese - null
[2022-09-19T09:58:54.002] [DEBUG] cheese - null
[2022-09-19T09:59:03.173] [DEBUG] cheese - login => username:admin,password:123456
[2022-09-19T09:59:03.174] [DEBUG] cheese - admin
[2022-09-19T09:59:03.179] [DEBUG] cheese - null
[2022-09-19T09:59:03.179] [DEBUG] cheese - null
